# JRE version: OpenJDK Runtime Environment Temurin-17.0.7+7 (17.0.7+7) (build 17.0.7+7)
# Java VM: OpenJDK 64-Bit Server VM Temurin-17.0.7+7 (17.0.7+7, mixed mode, emulated-client, tiered, compressed oops, compressed class ptrs, g1 gc, windows-amd64)
GC Precious Log:
 CPUs: 4 total, 4 available
 Memory: 3659M
 Large Page Support: Disabled
 NUMA Support: Disabled
 Compressed Oops: Enabled (32-bit)
 Heap Region Size: 1M
 Heap Min Capacity: 8M
 Heap Initial Capacity: 58M
 Heap Max Capacity: 1G
 Pre-touch: Disabled
 Parallel Workers: 4
 Concurrent Workers: 1
 Concurrent Refinement Workers: 4
 Periodic GC: Disabled
Heap:
 garbage-first heap   total 48128K, used 13959K [0x00000000c0000000, 0x0000000100000000)
  region size 1024K, 1 young (1024K), 0 survivors (0K)
 Metaspace       used 34523K, committed 35008K, reserved 1114112K
  class space    used 4474K, committed 4672K, reserved 1048576K
GC Heap History (20 events):
Event: 126.316 GC heap before
{Heap before GC invocations=15 (full 5):
 garbage-first heap   total 48128K, used 13959K [0x00000000c0000000, 0x0000000100000000)
  region size 1024K, 1 young (1024K), 0 survivors (0K)
 Metaspace       used 34523K, committed 35008K, reserved 1114112K
  class space    used 4474K, committed 4672K, reserved 1048576K
}
Event: 126.350 GC heap after
{Heap after GC invocations=16 (full 6):
 garbage-first heap   total 48128K, used 13959K [0x00000000c0000000, 0x0000000100000000)
  region size 1024K, 0 young (0K), 0 survivors (0K)
 Metaspace       used 34523K, committed 35008K, reserved 1114112K
  class space    used 4474K, committed 4672K, reserved 1048576K
}
Event: 136.612 GC heap before
{Heap before GC invocations=16 (full 6):
 garbage-first heap   total 48128K, used 13959K [0x00000000c0000000, 0x0000000100000000)
  region size 1024K, 1 young (1024K), 0 survivors (0K)
 Metaspace       used 34523K, committed 35008K, reserved 1114112K
  class space    used 4474K, committed 4672K, reserved 1048576K
}
Event: 136.641 GC heap after
{Heap after GC invocations=17 (full 7):
 garbage-first heap   total 48128K, used 13959K [0x00000000c0000000, 0x0000000100000000)
  region size 1024K, 0 young (0K), 0 survivors (0K)
 Metaspace       used 34523K, committed 35008K, reserved 1114112K
  class space    used 4474K, committed 4672K, reserved 1048576K
}
Event: 146.862 GC heap before
{Heap before GC invocations=17 (full 7):
 garbage-first heap   total 48128K, used 13959K [0x00000000c0000000, 0x0000000100000000)
  region size 1024K, 1 young (1024K), 0 survivors (0K)
 Metaspace       used 34523K, committed 35008K, reserved 1114112K
  class space    used 4474K, committed 4672K, reserved 1048576K
}
Event: 146.889 GC heap after
{Heap after GC invocations=18 (full 8):
 garbage-first heap   total 48128K, used 13959K [0x00000000c0000000, 0x0000000100000000)
  region size 1024K, 0 young (0K), 0 survivors (0K)
 Metaspace       used 34523K, committed 35008K, reserved 1114112K
  class space    used 4474K, committed 4672K, reserved 1048576K
}
Event: 157.366 GC heap before
{Heap before GC invocations=18 (full 8):
 garbage-first heap   total 48128K, used 13959K [0x00000000c0000000, 0x0000000100000000)
  region size 1024K, 1 young (1024K), 0 survivors (0K)
 Metaspace       used 34523K, committed 35008K, reserved 1114112K
  class space    used 4474K, committed 4672K, reserved 1048576K
}
Event: 157.406 GC heap after
{Heap after GC invocations=19 (full 9):
 garbage-first heap   total 48128K, used 13959K [0x00000000c0000000, 0x0000000100000000)
  region size 1024K, 0 young (0K), 0 survivors (0K)
 Metaspace       used 34523K, committed 35008K, reserved 1114112K
  class space    used 4474K, committed 4672K, reserved 1048576K
}
Event: 167.958 GC heap before
{Heap before GC invocations=19 (full 9):
 garbage-first heap   total 48128K, used 13959K [0x00000000c0000000, 0x0000000100000000)
  region size 1024K, 1 young (1024K), 0 survivors (0K)
 Metaspace       used 34523K, committed 35008K, reserved 1114112K
  class space    used 4474K, committed 4672K, reserved 1048576K
}
Event: 167.994 GC heap after
{Heap after GC invocations=20 (full 10):
 garbage-first heap   total 48128K, used 13959K [0x00000000c0000000, 0x0000000100000000)
  region size 1024K, 0 young (0K), 0 survivors (0K)
 Metaspace       used 34523K, committed 35008K, reserved 1114112K
  class space    used 4474K, committed 4672K, reserved 1048576K
}
Event: 178.450 GC heap before
{Heap before GC invocations=20 (full 10):
 garbage-first heap   total 48128K, used 13959K [0x00000000c0000000, 0x0000000100000000)
  region size 1024K, 1 young (1024K), 0 survivors (0K)
 Metaspace       used 34523K, committed 35008K, reserved 1114112K
  class space    used 4474K, committed 4672K, reserved 1048576K
}
Event: 178.484 GC heap after
{Heap after GC invocations=21 (full 11):
 garbage-first heap   total 48128K, used 13959K [0x00000000c0000000, 0x0000000100000000)
  region size 1024K, 0 young (0K), 0 survivors (0K)
 Metaspace       used 34523K, committed 35008K, reserved 1114112K
  class space    used 4474K, committed 4672K, reserved 1048576K
}
Event: 190.671 GC heap before
{Heap before GC invocations=21 (full 11):
 garbage-first heap   total 48128K, used 13959K [0x00000000c0000000, 0x0000000100000000)
  region size 1024K, 1 young (1024K), 0 survivors (0K)
 Metaspace       used 34523K, committed 35008K, reserved 1114112K
  class space    used 4474K, committed 4672K, reserved 1048576K
}
Event: 190.697 GC heap after
{Heap after GC invocations=22 (full 12):
 garbage-first heap   total 48128K, used 13959K [0x00000000c0000000, 0x0000000100000000)
  region size 1024K, 0 young (0K), 0 survivors (0K)
 Metaspace       used 34523K, committed 35008K, reserved 1114112K
  class space    used 4474K, committed 4672K, reserved 1048576K
}
Event: 203.818 GC heap before
{Heap before GC invocations=22 (full 12):
 garbage-first heap   total 48128K, used 13959K [0x00000000c0000000, 0x0000000100000000)
  region size 1024K, 1 young (1024K), 0 survivors (0K)
 Metaspace       used 34523K, committed 35008K, reserved 1114112K
  class space    used 4474K, committed 4672K, reserved 1048576K
}
Event: 203.878 GC heap after
{Heap after GC invocations=23 (full 13):
 garbage-first heap   total 48128K, used 13959K [0x00000000c0000000, 0x0000000100000000)
  region size 1024K, 0 young (0K), 0 survivors (0K)
 Metaspace       used 34523K, committed 35008K, reserved 1114112K
  class space    used 4474K, committed 4672K, reserved 1048576K
}
Event: 214.121 GC heap before
{Heap before GC invocations=23 (full 13):
 garbage-first heap   total 48128K, used 13959K [0x00000000c0000000, 0x0000000100000000)
  region size 1024K, 1 young (1024K), 0 survivors (0K)
 Metaspace       used 34523K, committed 35008K, reserved 1114112K
  class space    used 4474K, committed 4672K, reserved 1048576K
}
Event: 214.151 GC heap after
{Heap after GC invocations=24 (full 14):
 garbage-first heap   total 48128K, used 13959K [0x00000000c0000000, 0x0000000100000000)
  region size 1024K, 0 young (0K), 0 survivors (0K)
 Metaspace       used 34523K, committed 35008K, reserved 1114112K
  class space    used 4474K, committed 4672K, reserved 1048576K
}
Event: 224.653 GC heap before
{Heap before GC invocations=24 (full 14):
 garbage-first heap   total 48128K, used 13959K [0x00000000c0000000, 0x0000000100000000)
  region size 1024K, 1 young (1024K), 0 survivors (0K)
 Metaspace       used 34523K, committed 35008K, reserved 1114112K
  class space    used 4474K, committed 4672K, reserved 1048576K
}
Event: 224.690 GC heap after
{Heap after GC invocations=25 (full 15):
 garbage-first heap   total 48128K, used 13959K [0x00000000c0000000, 0x0000000100000000)
  region size 1024K, 0 young (0K), 0 survivors (0K)
 Metaspace       used 34523K, committed 35008K, reserved 1114112K
  class space    used 4474K, committed 4672K, reserved 1048576K
}

