# JRE version: OpenJDK Runtime Environment Temurin-17.0.7+7 (17.0.7+7) (build 17.0.7+7)
# Java VM: OpenJDK 64-Bit Server VM Temurin-17.0.7+7 (17.0.7+7, mixed mode, emulated-client, tiered, compressed oops, compressed class ptrs, g1 gc, windows-amd64)
GC Precious Log:
 CPUs: 4 total, 4 available
 Memory: 3659M
 Large Page Support: Disabled
 NUMA Support: Disabled
 Compressed Oops: Enabled (32-bit)
 Heap Region Size: 1M
 Heap Min Capacity: 8M
 Heap Initial Capacity: 58M
 Heap Max Capacity: 1G
 Pre-touch: Disabled
 Parallel Workers: 4
 Concurrent Workers: 1
 Concurrent Refinement Workers: 4
 Periodic GC: Disabled
Heap:
 garbage-first heap   total 286720K, used 242977K [0x00000000c0000000, 0x0000000100000000)
  region size 1024K, 24 young (24576K), 3 survivors (3072K)
 Metaspace       used 52697K, committed 53120K, reserved 1114112K
  class space    used 6654K, committed 6848K, reserved 1048576K
GC Heap History (20 events):
Event: 65.560 GC heap before
{Heap before GC invocations=66 (full 0):
 garbage-first heap   total 286720K, used 250003K [0x00000000c0000000, 0x0000000100000000)
  region size 1024K, 53 young (54272K), 6 survivors (6144K)
 Metaspace       used 52697K, committed 53120K, reserved 1114112K
  class space    used 6654K, committed 6848K, reserved 1048576K
}
Event: 65.570 GC heap after
{Heap after GC invocations=67 (full 0):
 garbage-first heap   total 286720K, used 205418K [0x00000000c0000000, 0x0000000100000000)
  region size 1024K, 6 young (6144K), 6 survivors (6144K)
 Metaspace       used 52697K, committed 53120K, reserved 1114112K
  class space    used 6654K, committed 6848K, reserved 1048576K
}
Event: 65.892 GC heap before
{Heap before GC invocations=67 (full 0):
 garbage-first heap   total 286720K, used 250474K [0x00000000c0000000, 0x0000000100000000)
  region size 1024K, 51 young (52224K), 6 survivors (6144K)
 Metaspace       used 52697K, committed 53120K, reserved 1114112K
  class space    used 6654K, committed 6848K, reserved 1048576K
}
Event: 65.899 GC heap after
{Heap after GC invocations=68 (full 0):
 garbage-first heap   total 286720K, used 207920K [0x00000000c0000000, 0x0000000100000000)
  region size 1024K, 6 young (6144K), 6 survivors (6144K)
 Metaspace       used 52697K, committed 53120K, reserved 1114112K
  class space    used 6654K, committed 6848K, reserved 1048576K
}
Event: 66.382 GC heap before
{Heap before GC invocations=68 (full 0):
 garbage-first heap   total 286720K, used 249904K [0x00000000c0000000, 0x0000000100000000)
  region size 1024K, 48 young (49152K), 6 survivors (6144K)
 Metaspace       used 52697K, committed 53120K, reserved 1114112K
  class space    used 6654K, committed 6848K, reserved 1048576K
}
Event: 66.389 GC heap after
{Heap after GC invocations=69 (full 0):
 garbage-first heap   total 286720K, used 210431K [0x00000000c0000000, 0x0000000100000000)
  region size 1024K, 5 young (5120K), 5 survivors (5120K)
 Metaspace       used 52697K, committed 53120K, reserved 1114112K
  class space    used 6654K, committed 6848K, reserved 1048576K
}
Event: 66.746 GC heap before
{Heap before GC invocations=69 (full 0):
 garbage-first heap   total 286720K, used 250367K [0x00000000c0000000, 0x0000000100000000)
  region size 1024K, 45 young (46080K), 5 survivors (5120K)
 Metaspace       used 52697K, committed 53120K, reserved 1114112K
  class space    used 6654K, committed 6848K, reserved 1048576K
}
Event: 66.754 GC heap after
{Heap after GC invocations=70 (full 0):
 garbage-first heap   total 286720K, used 213118K [0x00000000c0000000, 0x0000000100000000)
  region size 1024K, 5 young (5120K), 5 survivors (5120K)
 Metaspace       used 52697K, committed 53120K, reserved 1114112K
  class space    used 6654K, committed 6848K, reserved 1048576K
}
Event: 67.182 GC heap before
{Heap before GC invocations=70 (full 0):
 garbage-first heap   total 286720K, used 249982K [0x00000000c0000000, 0x0000000100000000)
  region size 1024K, 42 young (43008K), 5 survivors (5120K)
 Metaspace       used 52697K, committed 53120K, reserved 1114112K
  class space    used 6654K, committed 6848K, reserved 1048576K
}
Event: 67.189 GC heap after
{Heap after GC invocations=71 (full 0):
 garbage-first heap   total 286720K, used 215655K [0x00000000c0000000, 0x0000000100000000)
  region size 1024K, 5 young (5120K), 5 survivors (5120K)
 Metaspace       used 52697K, committed 53120K, reserved 1114112K
  class space    used 6654K, committed 6848K, reserved 1048576K
}
Event: 67.499 GC heap before
{Heap before GC invocations=71 (full 0):
 garbage-first heap   total 286720K, used 251495K [0x00000000c0000000, 0x0000000100000000)
  region size 1024K, 42 young (43008K), 5 survivors (5120K)
 Metaspace       used 52697K, committed 53120K, reserved 1114112K
  class space    used 6654K, committed 6848K, reserved 1048576K
}
Event: 67.505 GC heap after
{Heap after GC invocations=72 (full 0):
 garbage-first heap   total 286720K, used 217402K [0x00000000c0000000, 0x0000000100000000)
  region size 1024K, 5 young (5120K), 5 survivors (5120K)
 Metaspace       used 52697K, committed 53120K, reserved 1114112K
  class space    used 6654K, committed 6848K, reserved 1048576K
}
Event: 67.688 GC heap before
{Heap before GC invocations=72 (full 0):
 garbage-first heap   total 286720K, used 250170K [0x00000000c0000000, 0x0000000100000000)
  region size 1024K, 38 young (38912K), 5 survivors (5120K)
 Metaspace       used 52697K, committed 53120K, reserved 1114112K
  class space    used 6654K, committed 6848K, reserved 1048576K
}
Event: 67.702 GC heap after
{Heap after GC invocations=73 (full 0):
 garbage-first heap   total 286720K, used 219189K [0x00000000c0000000, 0x0000000100000000)
  region size 1024K, 4 young (4096K), 4 survivors (4096K)
 Metaspace       used 52697K, committed 53120K, reserved 1114112K
  class space    used 6654K, committed 6848K, reserved 1048576K
}
Event: 68.025 GC heap before
{Heap before GC invocations=73 (full 0):
 garbage-first heap   total 286720K, used 250933K [0x00000000c0000000, 0x0000000100000000)
  region size 1024K, 36 young (36864K), 4 survivors (4096K)
 Metaspace       used 52697K, committed 53120K, reserved 1114112K
  class space    used 6654K, committed 6848K, reserved 1048576K
}
Event: 68.031 GC heap after
{Heap after GC invocations=74 (full 0):
 garbage-first heap   total 286720K, used 220846K [0x00000000c0000000, 0x0000000100000000)
  region size 1024K, 4 young (4096K), 4 survivors (4096K)
 Metaspace       used 52697K, committed 53120K, reserved 1114112K
  class space    used 6654K, committed 6848K, reserved 1048576K
}
Event: 68.235 GC heap before
{Heap before GC invocations=74 (full 0):
 garbage-first heap   total 286720K, used 250542K [0x00000000c0000000, 0x0000000100000000)
  region size 1024K, 34 young (34816K), 4 survivors (4096K)
 Metaspace       used 52697K, committed 53120K, reserved 1114112K
  class space    used 6654K, committed 6848K, reserved 1048576K
}
Event: 68.252 GC heap after
{Heap after GC invocations=75 (full 0):
 garbage-first heap   total 286720K, used 222201K [0x00000000c0000000, 0x0000000100000000)
  region size 1024K, 4 young (4096K), 4 survivors (4096K)
 Metaspace       used 52697K, committed 53120K, reserved 1114112K
  class space    used 6654K, committed 6848K, reserved 1048576K
}
Event: 68.460 GC heap before
{Heap before GC invocations=75 (full 0):
 garbage-first heap   total 286720K, used 251897K [0x00000000c0000000, 0x0000000100000000)
  region size 1024K, 34 young (34816K), 4 survivors (4096K)
 Metaspace       used 52697K, committed 53120K, reserved 1114112K
  class space    used 6654K, committed 6848K, reserved 1048576K
}
Event: 68.467 GC heap after
{Heap after GC invocations=76 (full 0):
 garbage-first heap   total 286720K, used 223521K [0x00000000c0000000, 0x0000000100000000)
  region size 1024K, 3 young (3072K), 3 survivors (3072K)
 Metaspace       used 52697K, committed 53120K, reserved 1114112K
  class space    used 6654K, committed 6848K, reserved 1048576K
}

